2026-06-17 13:13:53.045 [main] INFO  c.realworld.blog.RealworldBackendApplicationTests - Starting RealworldBackendApplicationTests using Java 17.0.19 with PID 46468 (started by jiaolei in D:\Work\Workspace\realworld-backend)
2026-06-17 13:13:53.051 [main] INFO  c.realworld.blog.RealworldBackendApplicationTests - The following 1 profile is active: "prod"
2026-06-17 13:13:54.917 [main] INFO  o.s.d.r.config.RepositoryConfigurationDelegate - Multiple Spring Data modules found, entering strict repository configuration mode
2026-06-17 13:13:54.920 [main] INFO  o.s.d.r.config.RepositoryConfigurationDelegate - Bootstrapping Spring Data Redis repositories in DEFAULT mode.
2026-06-17 13:13:54.955 [main] INFO  o.s.d.r.config.RepositoryConfigurationDelegate - Finished Spring Data repository scanning in 18 ms. Found 0 Redis repository interfaces.
2026-06-17 13:13:55.660 [main] INFO  com.realworld.blog.aspect.RateLimitAspect - RateLimitAspect切面已加载
2026-06-17 13:13:56.384 [main] WARN  c.b.mybatisplus.core.metadata.TableInfoHelper - Can not find table primary key in Class: "com.realworld.blog.entity.ArticleTags".
2026-06-17 13:13:56.385 [main] WARN  c.b.mybatisplus.core.injector.DefaultSqlInjector - class com.realworld.blog.entity.ArticleTags ,Not found @TableId annotation, Cannot use Mybatis-Plus 'xxById' Method.
2026-06-17 13:13:56.461 [main] WARN  c.b.mybatisplus.core.metadata.TableInfoHelper - Can not find table primary key in Class: "com.realworld.blog.entity.UserFavorites".
2026-06-17 13:13:56.462 [main] WARN  c.b.mybatisplus.core.injector.DefaultSqlInjector - class com.realworld.blog.entity.UserFavorites ,Not found @TableId annotation, Cannot use Mybatis-Plus 'xxById' Method.
2026-06-17 13:13:56.601 [main] WARN  c.b.mybatisplus.core.metadata.TableInfoHelper - Can not find table primary key in Class: "com.realworld.blog.entity.UserFollows".
2026-06-17 13:13:56.601 [main] WARN  c.b.mybatisplus.core.injector.DefaultSqlInjector - class com.realworld.blog.entity.UserFollows ,Not found @TableId annotation, Cannot use Mybatis-Plus 'xxById' Method.
2026-06-17 13:13:57.914 [main] INFO  c.b.m.e.spring.MybatisPlusApplicationContextAware - Register ApplicationContext instances org.springframework.web.context.support.GenericWebApplicationContext@6240651f
2026-06-17 13:13:58.412 [main] INFO  o.s.b.actuate.endpoint.web.EndpointLinksResolver - Exposing 3 endpoints beneath base path '/actuator'
2026-06-17 13:13:58.481 [main] INFO  c.realworld.blog.RealworldBackendApplicationTests - Started RealworldBackendApplicationTests in 5.748 seconds (process running for 7.14)
2026-06-17 13:17:10.751 [main] INFO  c.realworld.blog.RealworldBackendApplicationTests - Starting RealworldBackendApplicationTests using Java 17.0.19 with PID 8948 (started by jiaolei in D:\Work\Workspace\realworld-backend)
2026-06-17 13:17:10.753 [main] INFO  c.realworld.blog.RealworldBackendApplicationTests - The following 1 profile is active: "prod"
2026-06-17 13:17:11.814 [main] INFO  o.s.d.r.config.RepositoryConfigurationDelegate - Multiple Spring Data modules found, entering strict repository configuration mode
2026-06-17 13:17:11.816 [main] INFO  o.s.d.r.config.RepositoryConfigurationDelegate - Bootstrapping Spring Data Redis repositories in DEFAULT mode.
2026-06-17 13:17:11.846 [main] INFO  o.s.d.r.config.RepositoryConfigurationDelegate - Finished Spring Data repository scanning in 16 ms. Found 0 Redis repository interfaces.
2026-06-17 13:17:12.460 [main] INFO  com.realworld.blog.aspect.RateLimitAspect - RateLimitAspect切面已加载
2026-06-17 13:17:13.075 [main] WARN  c.b.mybatisplus.core.metadata.TableInfoHelper - Can not find table primary key in Class: "com.realworld.blog.entity.ArticleTags".
2026-06-17 13:17:13.076 [main] WARN  c.b.mybatisplus.core.injector.DefaultSqlInjector - class com.realworld.blog.entity.ArticleTags ,Not found @TableId annotation, Cannot use Mybatis-Plus 'xxById' Method.
2026-06-17 13:17:13.129 [main] WARN  c.b.mybatisplus.core.metadata.TableInfoHelper - Can not find table primary key in Class: "com.realworld.blog.entity.UserFavorites".
2026-06-17 13:17:13.130 [main] WARN  c.b.mybatisplus.core.injector.DefaultSqlInjector - class com.realworld.blog.entity.UserFavorites ,Not found @TableId annotation, Cannot use Mybatis-Plus 'xxById' Method.
2026-06-17 13:17:13.256 [main] WARN  c.b.mybatisplus.core.metadata.TableInfoHelper - Can not find table primary key in Class: "com.realworld.blog.entity.UserFollows".
2026-06-17 13:17:13.256 [main] WARN  c.b.mybatisplus.core.injector.DefaultSqlInjector - class com.realworld.blog.entity.UserFollows ,Not found @TableId annotation, Cannot use Mybatis-Plus 'xxById' Method.
2026-06-17 13:17:14.375 [main] INFO  c.b.m.e.spring.MybatisPlusApplicationContextAware - Register ApplicationContext instances org.springframework.web.context.support.GenericWebApplicationContext@6240651f
2026-06-17 13:17:14.928 [main] INFO  o.s.b.actuate.endpoint.web.EndpointLinksResolver - Exposing 3 endpoints beneath base path '/actuator'
2026-06-17 13:17:14.997 [main] INFO  c.realworld.blog.RealworldBackendApplicationTests - Started RealworldBackendApplicationTests in 4.54 seconds (process running for 5.477)
2026-06-17 13:21:02.328 [main] INFO  c.realworld.blog.RealworldBackendApplicationTests - Starting RealworldBackendApplicationTests using Java 17.0.19 with PID 1444 (started by jiaolei in D:\Work\Workspace\realworld-backend)
2026-06-17 13:21:02.330 [main] INFO  c.realworld.blog.RealworldBackendApplicationTests - The following 1 profile is active: "prod"
2026-06-17 13:21:03.453 [main] INFO  o.s.d.r.config.RepositoryConfigurationDelegate - Multiple Spring Data modules found, entering strict repository configuration mode
2026-06-17 13:21:03.455 [main] INFO  o.s.d.r.config.RepositoryConfigurationDelegate - Bootstrapping Spring Data Redis repositories in DEFAULT mode.
2026-06-17 13:21:03.489 [main] INFO  o.s.d.r.config.RepositoryConfigurationDelegate - Finished Spring Data repository scanning in 18 ms. Found 0 Redis repository interfaces.
2026-06-17 13:21:04.114 [main] INFO  com.realworld.blog.aspect.RateLimitAspect - RateLimitAspect切面已加载
2026-06-17 13:21:04.745 [main] WARN  c.b.mybatisplus.core.metadata.TableInfoHelper - Can not find table primary key in Class: "com.realworld.blog.entity.ArticleTags".
2026-06-17 13:21:04.745 [main] WARN  c.b.mybatisplus.core.injector.DefaultSqlInjector - class com.realworld.blog.entity.ArticleTags ,Not found @TableId annotation, Cannot use Mybatis-Plus 'xxById' Method.
2026-06-17 13:21:04.804 [main] WARN  c.b.mybatisplus.core.metadata.TableInfoHelper - Can not find table primary key in Class: "com.realworld.blog.entity.UserFavorites".
2026-06-17 13:21:04.805 [main] WARN  c.b.mybatisplus.core.injector.DefaultSqlInjector - class com.realworld.blog.entity.UserFavorites ,Not found @TableId annotation, Cannot use Mybatis-Plus 'xxById' Method.
2026-06-17 13:21:04.937 [main] WARN  c.b.mybatisplus.core.metadata.TableInfoHelper - Can not find table primary key in Class: "com.realworld.blog.entity.UserFollows".
2026-06-17 13:21:04.938 [main] WARN  c.b.mybatisplus.core.injector.DefaultSqlInjector - class com.realworld.blog.entity.UserFollows ,Not found @TableId annotation, Cannot use Mybatis-Plus 'xxById' Method.
2026-06-17 13:21:06.062 [main] INFO  c.b.m.e.spring.MybatisPlusApplicationContextAware - Register ApplicationContext instances org.springframework.web.context.support.GenericWebApplicationContext@6240651f
2026-06-17 13:21:06.516 [main] INFO  o.s.b.actuate.endpoint.web.EndpointLinksResolver - Exposing 3 endpoints beneath base path '/actuator'
2026-06-17 13:21:06.583 [main] INFO  c.realworld.blog.RealworldBackendApplicationTests - Started RealworldBackendApplicationTests in 4.546 seconds (process running for 5.536)
2026-06-17 14:06:13.025 [main] INFO  c.realworld.blog.RealworldBackendApplicationTests - Starting RealworldBackendApplicationTests using Java 17.0.19 with PID 18724 (started by jiaolei in D:\Work\Workspace\realworld-backend)
2026-06-17 14:06:13.027 [main] INFO  c.realworld.blog.RealworldBackendApplicationTests - The following 1 profile is active: "prod"
2026-06-17 14:06:14.874 [main] INFO  o.s.d.r.config.RepositoryConfigurationDelegate - Multiple Spring Data modules found, entering strict repository configuration mode
2026-06-17 14:06:14.877 [main] INFO  o.s.d.r.config.RepositoryConfigurationDelegate - Bootstrapping Spring Data Redis repositories in DEFAULT mode.
2026-06-17 14:06:14.915 [main] INFO  o.s.d.r.config.RepositoryConfigurationDelegate - Finished Spring Data repository scanning in 19 ms. Found 0 Redis repository interfaces.
2026-06-17 14:06:15.540 [main] INFO  com.realworld.blog.aspect.RateLimitAspect - RateLimitAspect切面已加载
2026-06-17 14:06:16.181 [main] WARN  c.b.mybatisplus.core.metadata.TableInfoHelper - Can not find table primary key in Class: "com.realworld.blog.entity.ArticleTags".
2026-06-17 14:06:16.181 [main] WARN  c.b.mybatisplus.core.injector.DefaultSqlInjector - class com.realworld.blog.entity.ArticleTags ,Not found @TableId annotation, Cannot use Mybatis-Plus 'xxById' Method.
2026-06-17 14:06:16.254 [main] WARN  c.b.mybatisplus.core.metadata.TableInfoHelper - Can not find table primary key in Class: "com.realworld.blog.entity.UserFavorites".
2026-06-17 14:06:16.255 [main] WARN  c.b.mybatisplus.core.injector.DefaultSqlInjector - class com.realworld.blog.entity.UserFavorites ,Not found @TableId annotation, Cannot use Mybatis-Plus 'xxById' Method.
2026-06-17 14:06:16.382 [main] WARN  c.b.mybatisplus.core.metadata.TableInfoHelper - Can not find table primary key in Class: "com.realworld.blog.entity.UserFollows".
2026-06-17 14:06:16.383 [main] WARN  c.b.mybatisplus.core.injector.DefaultSqlInjector - class com.realworld.blog.entity.UserFollows ,Not found @TableId annotation, Cannot use Mybatis-Plus 'xxById' Method.
2026-06-17 14:06:17.576 [main] INFO  c.b.m.e.spring.MybatisPlusApplicationContextAware - Register ApplicationContext instances org.springframework.web.context.support.GenericWebApplicationContext@6240651f
2026-06-17 14:06:18.249 [main] INFO  o.s.b.actuate.endpoint.web.EndpointLinksResolver - Exposing 3 endpoints beneath base path '/actuator'
2026-06-17 14:06:18.317 [main] INFO  c.realworld.blog.RealworldBackendApplicationTests - Started RealworldBackendApplicationTests in 5.594 seconds (process running for 6.643)
